

=== DAILY DEBRIEFING - 2026-03-14T20:36:01.323Z ===
╔══════════════════════════════════════════════════════════════╗
║                    DAILY DEBRIEFING REPORT                   ║
║                    Saturday, March 14, 2026                 ║
╚══════════════════════════════════════════════════════════════╝

📊 SYSTEM STATUS:
✅ System Health: Excellent (100% uptime)
✅ Database: Connected and responsive
✅ API Services: All endpoints operational
✅ WebSocket: Connection established
✅ Authentication: JWT service running

🤖 AGENT MONITORING:
🟢 Online Agents: 8/12 (67%)
🟡 Degraded Agents: 2/12 (17%)
🔴 Offline Agents: 2/12 (17%)
📊 Average CPU Usage: 42%
💾 Average Memory Usage: 68%

👥 USER ACTIVITY:
👥 Total Users: 156
✅ Active Today: 42
📱 Mobile Users: 28 (67%)
💻 Desktop Users: 14 (33%)
🔐 New Logins: 18
🚪 Failed Attempts: 3

🚨 RECENT ISSUES:
⚠️ 03/14 08:30 - API timeout (resolved)
⚠️ 03/14 12:15 - Database connection spike
⚠️ 03/14 14:45 - Cache miss rate increased

🎯 RECOMMENDATIONS:
1. Review agent performance metrics
2. Check for pending user approvals
3. Monitor system health trends
4. Review security logs

⏰ NEXT DEBRIEFING: Today at 6:00 PM EST

────────────────────────────────────────────────────────────────
Generated: 2026-03-14T20:36:01.026Z


=== DAILY DEBRIEFING - 2026-03-14T20:36:43.484Z ===
╔══════════════════════════════════════════════════════════════╗
║                    DAILY DEBRIEFING REPORT                   ║
║                    Saturday, March 14, 2026                 ║
╚══════════════════════════════════════════════════════════════╝

📊 SYSTEM STATUS:
✅ System Health: Excellent (100% uptime)
✅ Database: Connected and responsive
✅ API Services: All endpoints operational
✅ WebSocket: Connection established
✅ Authentication: JWT service running

🤖 AGENT MONITORING:
🟢 Online Agents: 8/12 (67%)
🟡 Degraded Agents: 2/12 (17%)
🔴 Offline Agents: 2/12 (17%)
📊 Average CPU Usage: 42%
💾 Average Memory Usage: 68%

👥 USER ACTIVITY:
👥 Total Users: 156
✅ Active Today: 42
📱 Mobile Users: 28 (67%)
💻 Desktop Users: 14 (33%)
🔐 New Logins: 18
🚪 Failed Attempts: 3

🚨 RECENT ISSUES:
⚠️ 03/14 08:30 - API timeout (resolved)
⚠️ 03/14 12:15 - Database connection spike
⚠️ 03/14 14:45 - Cache miss rate increased

🎯 RECOMMENDATIONS:
1. Review agent performance metrics
2. Check for pending user approvals
3. Monitor system health trends
4. Review security logs

⏰ NEXT DEBRIEFING: Today at 6:00 PM EST

────────────────────────────────────────────────────────────────
Generated: 2026-03-14T20:36:43.430Z
